app/manifest-merger-release-report.txt
-- Merging decision tree log ---
manifest
ADDED from AndroidManifest.xml:2:1
	package
		ADDED from AndroidManifest.xml:3:5
		INJECTED from AndroidManifest.xml:0:0
		INJECTED from AndroidManifest.xml:0:0
	android:versionName
		INJECTED from AndroidManifest.xml:0:0
		INJECTED from AndroidManifest.xml:0:0
	xmlns:android
		ADDED from AndroidManifest.xml:2:11
	android:versionCode
		INJECTED from AndroidManifest.xml:0:0
		INJECTED from AndroidManifest.xml:0:0
uses-permission#android.permission.WRITE_EXTERNAL_STORAGE
ADDED from AndroidManifest.xml:5:5
	android:name
		ADDED from AndroidManifest.xml:5:22
uses-permission#android.permission.CAMERA
ADDED from AndroidManifest.xml:6:5
	android:name
		ADDED from AndroidManifest.xml:6:22
uses-feature#android.hardware.camera.autofocus
ADDED from AndroidManifest.xml:8:5
	android:name
		ADDED from AndroidManifest.xml:8:19
uses-feature#android.hardware.camera
ADDED from AndroidManifest.xml:9:5
	android:name
		ADDED from AndroidManifest.xml:9:19
uses-permission#android.permission.FLASHLIGHT
ADDED from AndroidManifest.xml:11:5
	android:name
		ADDED from AndroidManifest.xml:11:22
uses-permission#android.permission.ACCESS_FINE_LOCATION
ADDED from AndroidManifest.xml:13:5
	android:name
		ADDED from AndroidManifest.xml:13:22
uses-permission#android.permission.ACCESS_COARSE_LOCATION
ADDED from AndroidManifest.xml:15:5
	android:name
		ADDED from AndroidManifest.xml:15:22
uses-permission#android.permission.CHANGE_WIFI_STATE
ADDED from AndroidManifest.xml:17:5
	android:name
		ADDED from AndroidManifest.xml:17:22
uses-permission#android.permission.ACCESS_WIFI_STATE
ADDED from AndroidManifest.xml:18:5
	android:name
		ADDED from AndroidManifest.xml:18:22
uses-permission#android.permission.ACCESS_FIND_LOCATION
ADDED from AndroidManifest.xml:19:5
	android:name
		ADDED from AndroidManifest.xml:19:22
uses-permission#android.permission.VIBRATE
ADDED from AndroidManifest.xml:20:5
	android:name
		ADDED from AndroidManifest.xml:20:22
uses-permission#getui.permission.GetuiService
ADDED from AndroidManifest.xml:22:5
	android:name
		ADDED from AndroidManifest.xml:22:22
uses-permission#android.permission.GET_TASKS
ADDED from AndroidManifest.xml:24:5
	android:name
		ADDED from AndroidManifest.xml:24:22
uses-permission#android.permission.READ_PHONE_STATE
ADDED from AndroidManifest.xml:25:5
	android:name
		ADDED from AndroidManifest.xml:25:22
uses-permission#android.permission.WAKE_LOCK
ADDED from AndroidManifest.xml:26:5
	android:name
		ADDED from AndroidManifest.xml:26:22
uses-permission#android.permission.RECEIVE_BOOT_COMPLETED
ADDED from AndroidManifest.xml:27:5
	android:name
		ADDED from AndroidManifest.xml:27:22
permission#getui.permission.GetuiService
ADDED from AndroidManifest.xml:30:5
	android:protectionLevel
		ADDED from AndroidManifest.xml:32:9
	android:name
		ADDED from AndroidManifest.xml:31:9
permission#com.tianye.mobile.well.permission.JPUSH_MESSAGE
ADDED from AndroidManifest.xml:35:5
	android:protectionLevel
		ADDED from AndroidManifest.xml:37:9
	android:name
		ADDED from AndroidManifest.xml:36:9
uses-permission#com.tianye.mobile.well.permission.JPUSH_MESSAGE
ADDED from AndroidManifest.xml:40:5
	android:name
		ADDED from AndroidManifest.xml:40:22
uses-permission#android.permission.RECEIVE_USER_PRESENT
ADDED from AndroidManifest.xml:41:5
	android:name
		ADDED from AndroidManifest.xml:41:22
uses-permission#android.permission.INTERNET
ADDED from AndroidManifest.xml:42:5
	android:name
		ADDED from AndroidManifest.xml:42:22
uses-permission#android.permission.READ_EXTERNAL_STORAGE
ADDED from AndroidManifest.xml:46:5
	android:name
		ADDED from AndroidManifest.xml:46:22
uses-permission#android.permission.WRITE_SETTINGS
ADDED from AndroidManifest.xml:47:5
	android:name
		ADDED from AndroidManifest.xml:47:22
uses-permission#android.permission.MOUNT_UNMOUNT_FILESYSTEMS
ADDED from AndroidManifest.xml:49:5
	android:name
		ADDED from AndroidManifest.xml:49:22
uses-permission#android.permission.ACCESS_NETWORK_STATE
ADDED from AndroidManifest.xml:50:5
	android:name
		ADDED from AndroidManifest.xml:50:22
uses-permission#android.permission.SYSTEM_ALERT_WINDOW
ADDED from AndroidManifest.xml:51:5
	android:name
		ADDED from AndroidManifest.xml:51:22
uses-permission#android.permission.ACCESS_LOCATION_EXTRA_COMMANDS
ADDED from AndroidManifest.xml:59:5
	android:name
		ADDED from AndroidManifest.xml:59:22
uses-permission#android.permission.CHANGE_NETWORK_STATE
ADDED from AndroidManifest.xml:60:5
	android:name
		ADDED from AndroidManifest.xml:60:22
application
ADDED from AndroidManifest.xml:63:5
MERGED from com.android.support:appcompat-v7:21.0.3:16:5
MERGED from com.android.support:support-v4:21.0.3:16:5
	android:label
		ADDED from AndroidManifest.xml:67:9
	android:allowBackup
		ADDED from AndroidManifest.xml:65:9
	android:icon
		ADDED from AndroidManifest.xml:66:9
	android:theme
		ADDED from AndroidManifest.xml:68:9
	android:name
		ADDED from AndroidManifest.xml:64:9
activity#cn.jpush.android.ui.PushActivity
ADDED from AndroidManifest.xml:72:9
	android:configChanges
		ADDED from AndroidManifest.xml:75:13
	android:theme
		ADDED from AndroidManifest.xml:74:13
	android:name
		ADDED from AndroidManifest.xml:73:13
intent-filter#android.intent.category.DEFAULT+cn.jpush.android.ui.PushActivity+com.tianye.mobile.well
ADDED from AndroidManifest.xml:76:13
action#cn.jpush.android.ui.PushActivity
ADDED from AndroidManifest.xml:77:17
	android:name
		ADDED from AndroidManifest.xml:77:25
category#android.intent.category.DEFAULT
ADDED from AndroidManifest.xml:78:17
	android:name
		ADDED from AndroidManifest.xml:78:27
category#com.tianye.mobile.well
ADDED from AndroidManifest.xml:79:17
	android:name
		ADDED from AndroidManifest.xml:79:27
service#cn.jpush.android.service.DownloadService
ADDED from AndroidManifest.xml:83:9
	android:enabled
		ADDED from AndroidManifest.xml:85:13
	android:exported
		ADDED from AndroidManifest.xml:86:13
	android:name
		ADDED from AndroidManifest.xml:84:13
service#cn.jpush.android.service.PushService
ADDED from AndroidManifest.xml:90:9
	android:enabled
		ADDED from AndroidManifest.xml:92:13
	android:exported
		ADDED from AndroidManifest.xml:93:13
	android:name
		ADDED from AndroidManifest.xml:91:13
intent-filter#cn.jpush.android.intent.PUSH_TIME+cn.jpush.android.intent.PushService+cn.jpush.android.intent.REGISTER+cn.jpush.android.intent.REPORT
ADDED from AndroidManifest.xml:94:13
action#cn.jpush.android.intent.REGISTER
ADDED from AndroidManifest.xml:95:17
	android:name
		ADDED from AndroidManifest.xml:95:25
action#cn.jpush.android.intent.REPORT
ADDED from AndroidManifest.xml:96:17
	android:name
		ADDED from AndroidManifest.xml:96:25
action#cn.jpush.android.intent.PushService
ADDED from AndroidManifest.xml:97:17
	android:name
		ADDED from AndroidManifest.xml:97:25
action#cn.jpush.android.intent.PUSH_TIME
ADDED from AndroidManifest.xml:98:17
	android:name
		ADDED from AndroidManifest.xml:98:25
receiver#cn.jpush.android.service.PushReceiver
ADDED from AndroidManifest.xml:104:9
	android:enabled
		ADDED from AndroidManifest.xml:106:13
	android:name
		ADDED from AndroidManifest.xml:105:13
intent-filter#cn.jpush.android.intent.NOTIFICATION_RECEIVED_PROXY+com.tianye.mobile.well
ADDED from AndroidManifest.xml:107:13
	android:priority
		ADDED from AndroidManifest.xml:107:28
action#cn.jpush.android.intent.NOTIFICATION_RECEIVED_PROXY
ADDED from AndroidManifest.xml:108:17
	android:name
		ADDED from AndroidManifest.xml:108:25
intent-filter#android.intent.action.USER_PRESENT+android.net.conn.CONNECTIVITY_CHANGE
ADDED from AndroidManifest.xml:111:13
action#android.intent.action.USER_PRESENT
ADDED from AndroidManifest.xml:112:17
	android:name
		ADDED from AndroidManifest.xml:112:25
action#android.net.conn.CONNECTIVITY_CHANGE
ADDED from AndroidManifest.xml:113:17
	android:name
		ADDED from AndroidManifest.xml:113:25
intent-filter#android.intent.action.PACKAGE_ADDED+android.intent.action.PACKAGE_REMOVED
ADDED from AndroidManifest.xml:116:13
action#android.intent.action.PACKAGE_ADDED
ADDED from AndroidManifest.xml:117:17
	android:name
		ADDED from AndroidManifest.xml:117:25
action#android.intent.action.PACKAGE_REMOVED
ADDED from AndroidManifest.xml:118:17
	android:name
		ADDED from AndroidManifest.xml:118:25
data
ADDED from AndroidManifest.xml:119:17
	android:scheme
		ADDED from AndroidManifest.xml:119:23
receiver#cn.jpush.android.service.AlarmReceiver
ADDED from AndroidManifest.xml:125:9
	android:name
		ADDED from AndroidManifest.xml:125:19
meta-data#com.baidu.lbsapi.API_KEY
ADDED from AndroidManifest.xml:129:9
	android:value
		ADDED from AndroidManifest.xml:131:13
	android:name
		ADDED from AndroidManifest.xml:130:13
service#com.baidu.location.f
ADDED from AndroidManifest.xml:134:9
	android:enabled
		ADDED from AndroidManifest.xml:136:13
	android:process
		ADDED from AndroidManifest.xml:137:13
	android:name
		ADDED from AndroidManifest.xml:135:13
intent-filter#com.baidu.location.service_v2.2
ADDED from AndroidManifest.xml:138:13
action#com.baidu.location.service_v2.2
ADDED from AndroidManifest.xml:139:17
	android:name
		ADDED from AndroidManifest.xml:139:25
activity#com.tianye.mobile.well.ui.MainActivity
ADDED from AndroidManifest.xml:143:9
	android:label
		ADDED from AndroidManifest.xml:145:13
	android:name
		ADDED from AndroidManifest.xml:144:13
intent-filter#android.intent.action.MAIN+android.intent.category.LAUNCHER
ADDED from AndroidManifest.xml:146:13
action#android.intent.action.MAIN
ADDED from AndroidManifest.xml:147:17
	android:name
		ADDED from AndroidManifest.xml:147:25
category#android.intent.category.LAUNCHER
ADDED from AndroidManifest.xml:149:17
	android:name
		ADDED from AndroidManifest.xml:149:27
activity#com.tianye.mobile.well.util.qr_codescan.MipcaActivityCapture
ADDED from AndroidManifest.xml:152:9
	android:name
		ADDED from AndroidManifest.xml:152:19
activity#com.tianye.mobile.well.ui.GPS.LocationActivity
ADDED from AndroidManifest.xml:157:9
	android:name
		ADDED from AndroidManifest.xml:157:19
receiver#com.tianye.mobile.well.receiver.MyReceiver
ADDED from AndroidManifest.xml:160:9
	android:enabled
		ADDED from AndroidManifest.xml:162:13
	android:name
		ADDED from AndroidManifest.xml:161:13
intent-filter#cn.jpush.android.intent.ACTION_RICHPUSH_CALLBACK+cn.jpush.android.intent.CONNECTION+cn.jpush.android.intent.MESSAGE_RECEIVED+cn.jpush.android.intent.NOTIFICATION_OPENED+cn.jpush.android.intent.NOTIFICATION_RECEIVED+cn.jpush.android.intent.REGISTRATION+cn.jpush.android.intent.UNREGISTRATION+com.tianye.mobile.well
ADDED from AndroidManifest.xml:163:13
action#cn.jpush.android.intent.REGISTRATION
ADDED from AndroidManifest.xml:164:17
	android:name
		ADDED from AndroidManifest.xml:164:25
action#cn.jpush.android.intent.UNREGISTRATION
ADDED from AndroidManifest.xml:165:17
	android:name
		ADDED from AndroidManifest.xml:165:25
action#cn.jpush.android.intent.MESSAGE_RECEIVED
ADDED from AndroidManifest.xml:166:17
	android:name
		ADDED from AndroidManifest.xml:166:25
action#cn.jpush.android.intent.NOTIFICATION_RECEIVED
ADDED from AndroidManifest.xml:167:17
	android:name
		ADDED from AndroidManifest.xml:167:25
action#cn.jpush.android.intent.NOTIFICATION_OPENED
ADDED from AndroidManifest.xml:168:17
	android:name
		ADDED from AndroidManifest.xml:168:25
action#cn.jpush.android.intent.ACTION_RICHPUSH_CALLBACK
ADDED from AndroidManifest.xml:169:17
	android:name
		ADDED from AndroidManifest.xml:169:25
action#cn.jpush.android.intent.CONNECTION
ADDED from AndroidManifest.xml:170:17
	android:name
		ADDED from AndroidManifest.xml:170:25
meta-data#JPUSH_CHANNEL
ADDED from AndroidManifest.xml:177:9
	android:value
		ADDED from AndroidManifest.xml:177:49
	android:name
		ADDED from AndroidManifest.xml:177:20
meta-data#JPUSH_APPKEY
ADDED from AndroidManifest.xml:178:9
	android:value
		ADDED from AndroidManifest.xml:178:48
	android:name
		ADDED from AndroidManifest.xml:178:20
uses-sdk
INJECTED from AndroidManifest.xml:0:0 reason: use-sdk injection requested
MERGED from com.android.support:appcompat-v7:21.0.3:15:5
MERGED from com.android.support:support-v4:21.0.3:15:5
	android:targetSdkVersion
		INJECTED from AndroidManifest.xml:0:0
		INJECTED from AndroidManifest.xml:0:0
	android:minSdkVersion
		INJECTED from AndroidManifest.xml:0:0
		INJECTED from AndroidManifest.xml:0:0